[2026-04-20 11:44:06.760] [28278] [HailoRT] [info] [queue_elements.cpp:738] [run_in_thread] run_pull of queue element PullQEl_nms2yolov11n/conv80_143 was aborted!
[2026-04-20 11:44:06.760] [28275] [HailoRT] [info] [edge_elements.cpp:396] [run_pull] Reading from stream was aborted!
[2026-04-20 11:44:06.760] [28275] [HailoRT] [info] [queue_elements.cpp:738] [run_in_thread] run_pull of queue element PullQEl_nms0yolov11n/conv62_143 was aborted!
[2026-04-20 11:44:06.760] [28273] [HailoRT] [info] [vdevice_native_stream.cpp:331] [read_impl] Failed read from stream HAILO_STREAM_ABORT(63) (device: 0001:01:00.0)
[2026-04-20 11:44:06.760] [28273] [HailoRT] [info] [edge_elements.cpp:396] [run_pull] Reading from stream was aborted!
[2026-04-20 11:44:06.760] [28276] [HailoRT] [info] [queue_elements.cpp:738] [run_in_thread] run_pull of queue element PullQEl_nms0yolov11n/conv65_143 was aborted!
[2026-04-20 11:44:06.760] [28273] [HailoRT] [info] [queue_elements.cpp:738] [run_in_thread] run_pull of queue element PullQEl_nms3yolov11n/conv51_143 was aborted!
[2026-04-20 11:44:06.760] [28277] [HailoRT] [info] [edge_elements.cpp:396] [run_pull] Reading from stream was aborted!
[2026-04-20 11:44:06.760] [28277] [HailoRT] [info] [queue_elements.cpp:738] [run_in_thread] run_pull of queue element PullQEl_nms3yolov11n/conv77_143 was aborted!
[2026-04-20 11:44:06.760] [28274] [HailoRT] [info] [edge_elements.cpp:396] [run_pull] Reading from stream was aborted!
[2026-04-20 11:44:06.761] [28274] [HailoRT] [info] [queue_elements.cpp:738] [run_in_thread] run_pull of queue element PullQEl_nms2yolov11n/conv54_143 was aborted!
[2026-04-20 11:44:06.761] [28279] [HailoRT] [info] [queue_elements.cpp:68] [operator()] Thread in element UserBufQEl_post_infer0yolov11n/yolov8_nms_postprocess is not running anymore, exiting..
[2026-04-20 11:44:06.761] [22443] [HailoRT] [info] [queue_elements.cpp:46] [~BaseQueueElement] Queue element UserBufQEl_post_infer0yolov11n/yolov8_nms_postprocess has 0 frames in his Queue on destruction
[2026-04-20 11:44:06.761] [28278] [HailoRT] [info] [queue_elements.cpp:68] [operator()] Thread in element PullQEl_nms2yolov11n/conv80_143 is not running anymore, exiting..
[2026-04-20 11:44:06.761] [22443] [HailoRT] [info] [queue_elements.cpp:46] [~BaseQueueElement] Queue element PullQEl_nms2yolov11n/conv80_143 has 0 frames in his Queue on destruction
[2026-04-20 11:44:06.761] [28277] [HailoRT] [info] [queue_elements.cpp:68] [operator()] Thread in element PullQEl_nms3yolov11n/conv77_143 is not running anymore, exiting..
[2026-04-20 11:44:06.761] [22443] [HailoRT] [info] [queue_elements.cpp:46] [~BaseQueueElement] Queue element PullQEl_nms3yolov11n/conv77_143 has 0 frames in his Queue on destruction
[2026-04-20 11:44:06.761] [28276] [HailoRT] [info] [queue_elements.cpp:68] [operator()] Thread in element PullQEl_nms0yolov11n/conv65_143 is not running anymore, exiting..
[2026-04-20 11:44:06.761] [22443] [HailoRT] [info] [queue_elements.cpp:46] [~BaseQueueElement] Queue element PullQEl_nms0yolov11n/conv65_143 has 0 frames in his Queue on destruction
[2026-04-20 11:44:06.761] [28275] [HailoRT] [info] [queue_elements.cpp:68] [operator()] Thread in element PullQEl_nms0yolov11n/conv62_143 is not running anymore, exiting..
[2026-04-20 11:44:06.761] [22443] [HailoRT] [info] [queue_elements.cpp:46] [~BaseQueueElement] Queue element PullQEl_nms0yolov11n/conv62_143 has 0 frames in his Queue on destruction
[2026-04-20 11:44:06.761] [28274] [HailoRT] [info] [queue_elements.cpp:68] [operator()] Thread in element PullQEl_nms2yolov11n/conv54_143 is not running anymore, exiting..
[2026-04-20 11:44:06.761] [22443] [HailoRT] [info] [queue_elements.cpp:46] [~BaseQueueElement] Queue element PullQEl_nms2yolov11n/conv54_143 has 0 frames in his Queue on destruction
[2026-04-20 11:44:06.761] [28273] [HailoRT] [info] [queue_elements.cpp:68] [operator()] Thread in element PullQEl_nms3yolov11n/conv51_143 is not running anymore, exiting..
[2026-04-20 11:44:06.761] [22443] [HailoRT] [info] [queue_elements.cpp:46] [~BaseQueueElement] Queue element PullQEl_nms3yolov11n/conv51_143 has 0 frames in his Queue on destruction
[2026-04-20 11:44:06.761] [28272] [HailoRT] [info] [queue_elements.cpp:68] [operator()] Thread in element PushQEl8yolov11n/input_layer1 is not running anymore, exiting..
[2026-04-20 11:44:06.761] [22443] [HailoRT] [info] [queue_elements.cpp:46] [~BaseQueueElement] Queue element PushQEl8yolov11n/input_layer1 has 0 frames in his Queue on destruction
[2026-04-20 11:44:06.762] [22443] [HailoRT] [info] [core_op.cpp:186] [deactivate] Deactivating took 0.471444 ms
[2026-04-20 11:44:06.762] [22443] [HailoRT] [info] [core_op.cpp:186] [deactivate] Deactivating took 0.480851 ms
[2026-04-20 11:44:06.804] [22443] [HailoRT] [info] [core_op.cpp:156] [activate] Activating yolov11n took 0.593536 milliseconds. Note that the function is asynchronous and thus the network is not fully activated yet.
[2026-04-20 11:44:06.804] [22443] [HailoRT] [info] [core_op.cpp:156] [activate] Activating yolov11n took 0.618499 milliseconds. Note that the function is asynchronous and thus the network is not fully activated yet.
[2026-04-20 11:44:06.804] [22443] [HailoRT] [info] [edge_elements.cpp:52] [create] Created (HwWriteEl8yolov11n/input_layer1 | hw_frame_size: 1228800)
[2026-04-20 11:44:06.804] [22443] [HailoRT] [info] [queue_elements.cpp:284] [create] Created (PushQEl8yolov11n/input_layer1 | timeout: 10s)
[2026-04-20 11:44:06.804] [22443] [HailoRT] [info] [filter_elements.cpp:101] [create] Created (PreInferEl8yolov11n/input_layer1 | Reorder - src_order: NHWC, src_shape: (640, 640, 3), dst_order: NHCW, dst_shape: (640, 640, 3))
[2026-04-20 11:44:06.804] [22443] [HailoRT] [info] [vstream.cpp:754] [InputVStreamImpl] Creating yolov11n/input_layer1...
[2026-04-20 11:44:06.804] [22443] [HailoRT] [info] [vstream_builder.cpp:102] [create_inputs] Input pipeline 'yolov11n/input_layer1': (PreInferEl8yolov11n/input_layer1 | Reorder - src_order: NHWC, src_shape: (640, 640, 3), dst_order: NHCW, dst_shape: (640, 640, 3)) >> (PushQEl8yolov11n/input_layer1 | timeout: 10s) >> (HwWriteEl8yolov11n/input_layer1 | hw_frame_size: 1228800) >> HW
[2026-04-20 11:44:06.804] [22443] [HailoRT] [info] [multi_io_elements.cpp:135] [create] Created (NmsPPMuxEl0YOLOV8-Post-Process | Op YOLOV8, Name: YOLOV8-Post-Process, Score threshold: 0.200, IoU threshold: 0.70, Classes: 1, Max bboxes per class: 100, Image height: 640, Image width: 640)
[2026-04-20 11:44:06.804] [22443] [HailoRT] [info] [edge_elements.cpp:287] [create] Created (HwReadEl3yolov11n/conv51_143 | hw_frame_size: 409600)
[2026-04-20 11:44:06.804] [22443] [HailoRT] [info] [queue_elements.cpp:657] [create] Created (PullQEl_nms3yolov11n/conv51_143 | timeout: 10s)
[2026-04-20 11:44:06.804] [22443] [HailoRT] [info] [edge_elements.cpp:287] [create] Created (HwReadEl2yolov11n/conv54_143 | hw_frame_size: 6400)
[2026-04-20 11:44:06.804] [22443] [HailoRT] [info] [queue_elements.cpp:657] [create] Created (PullQEl_nms2yolov11n/conv54_143 | timeout: 10s)
[2026-04-20 11:44:06.804] [22443] [HailoRT] [info] [edge_elements.cpp:287] [create] Created (HwReadEl0yolov11n/conv62_143 | hw_frame_size: 102400)
[2026-04-20 11:44:06.804] [22443] [HailoRT] [info] [queue_elements.cpp:657] [create] Created (PullQEl_nms0yolov11n/conv62_143 | timeout: 10s)
[2026-04-20 11:44:06.804] [22443] [HailoRT] [info] [edge_elements.cpp:287] [create] Created (HwReadEl0yolov11n/conv65_143 | hw_frame_size: 1600)
[2026-04-20 11:44:06.804] [22443] [HailoRT] [info] [queue_elements.cpp:657] [create] Created (PullQEl_nms0yolov11n/conv65_143 | timeout: 10s)
[2026-04-20 11:44:06.804] [22443] [HailoRT] [info] [edge_elements.cpp:287] [create] Created (HwReadEl3yolov11n/conv77_143 | hw_frame_size: 30720)
[2026-04-20 11:44:06.804] [22443] [HailoRT] [info] [queue_elements.cpp:657] [create] Created (PullQEl_nms3yolov11n/conv77_143 | timeout: 10s)
[2026-04-20 11:44:06.804] [22443] [HailoRT] [info] [edge_elements.cpp:287] [create] Created (HwReadEl2yolov11n/conv80_143 | hw_frame_size: 480)
[2026-04-20 11:44:06.804] [22443] [HailoRT] [info] [queue_elements.cpp:657] [create] Created (PullQEl_nms2yolov11n/conv80_143 | timeout: 10s)
[2026-04-20 11:44:06.805] [22443] [HailoRT] [info] [queue_elements.cpp:800] [create] Created (UserBufQEl_post_infer0yolov11n/yolov8_nms_postprocess | timeout: 10s)
[2026-04-20 11:44:06.805] [22443] [HailoRT] [info] [vstream.cpp:1114] [OutputVStreamImpl] Creating yolov11n/yolov8_nms_postprocess...
[2026-04-20 11:44:06.805] [22443] [HailoRT] [info] [vstream_builder.cpp:622] [create_output_post_process_nms] Output pipeline 'yolov11n/yolov8_nms_postprocess': HW >> (HwReadEl3yolov11n/conv51_143 | hw_frame_size: 409600) >> (PullQEl_nms3yolov11n/conv51_143) >> (HwReadEl2yolov11n/conv54_143 | hw_frame_size: 6400) >> (PullQEl_nms2yolov11n/conv54_143) >> (HwReadEl0yolov11n/conv62_143 | hw_frame_size: 102400) >> (PullQEl_nms0yolov11n/conv62_143) >> (HwReadEl0yolov11n/conv65_143 | hw_frame_size: 1600) >> (PullQEl_nms0yolov11n/conv65_143) >> (HwReadEl3yolov11n/conv77_143 | hw_frame_size: 30720) >> (PullQEl_nms3yolov11n/conv77_143) >> (HwReadEl2yolov11n/conv80_143 | hw_frame_size: 480) >> (PullQEl_nms2yolov11n/conv80_143) >> (NmsPPMuxEl0YOLOV8-Post-Process | Op YOLOV8, Name: YOLOV8-Post-Process, Score threshold: 0.200, IoU threshold: 0.70, Classes: 1, Max bboxes per class: 100, Image height: 640, Image width: 640) >> (UserBufQEl_post_infer0yolov11n/yolov8_nms_postprocess | timeout: 10s)
[2026-04-20 11:44:06.814] [28284] [HailoRT] [info] [vdevice_native_stream.cpp:331] [read_impl] Failed read from stream HAILO_STREAM_ABORT(63) (device: 0001:01:00.0)
[2026-04-20 11:44:06.814] [28284] [HailoRT] [info] [edge_elements.cpp:396] [run_pull] Reading from stream was aborted!
[2026-04-20 11:44:06.814] [28284] [HailoRT] [info] [queue_elements.cpp:738] [run_in_thread] run_pull of queue element PullQEl_nms2yolov11n/conv54_143 was aborted!
[2026-04-20 11:44:06.814] [28287] [HailoRT] [info] [vdevice_native_stream.cpp:331] [read_impl] Failed read from stream HAILO_STREAM_ABORT(63) (device: 0001:01:00.0)
[2026-04-20 11:44:06.814] [28287] [HailoRT] [info] [edge_elements.cpp:396] [run_pull] Reading from stream was aborted!
[2026-04-20 11:44:06.814] [28287] [HailoRT] [info] [queue_elements.cpp:738] [run_in_thread] run_pull of queue element PullQEl_nms3yolov11n/conv77_143 was aborted!
[2026-04-20 11:44:06.814] [28285] [HailoRT] [info] [vdevice_native_stream.cpp:331] [read_impl] Failed read from stream HAILO_STREAM_ABORT(63) (device: 0001:01:00.0)
[2026-04-20 11:44:06.814] [28285] [HailoRT] [info] [edge_elements.cpp:396] [run_pull] Reading from stream was aborted!
[2026-04-20 11:44:06.814] [28285] [HailoRT] [info] [queue_elements.cpp:738] [run_in_thread] run_pull of queue element PullQEl_nms0yolov11n/conv62_143 was aborted!
[2026-04-20 11:44:06.814] [28288] [HailoRT] [info] [vdevice_native_stream.cpp:331] [read_impl] Failed read from stream HAILO_STREAM_ABORT(63) (device: 0001:01:00.0)
[2026-04-20 11:44:06.814] [28288] [HailoRT] [info] [edge_elements.cpp:396] [run_pull] Reading from stream was aborted!
[2026-04-20 11:44:06.814] [28288] [HailoRT] [info] [queue_elements.cpp:738] [run_in_thread] run_pull of queue element PullQEl_nms2yolov11n/conv80_143 was aborted!
[2026-04-20 11:44:06.814] [28283] [HailoRT] [info] [vdevice_native_stream.cpp:331] [read_impl] Failed read from stream HAILO_STREAM_ABORT(63) (device: 0001:01:00.0)
[2026-04-20 11:44:06.814] [28283] [HailoRT] [info] [edge_elements.cpp:396] [run_pull] Reading from stream was aborted!
[2026-04-20 11:44:06.814] [28286] [HailoRT] [info] [vdevice_native_stream.cpp:331] [read_impl] Failed read from stream HAILO_STREAM_ABORT(63) (device: 0001:01:00.0)
[2026-04-20 11:44:06.814] [28286] [HailoRT] [info] [edge_elements.cpp:396] [run_pull] Reading from stream was aborted!
[2026-04-20 11:44:06.814] [28283] [HailoRT] [info] [queue_elements.cpp:738] [run_in_thread] run_pull of queue element PullQEl_nms3yolov11n/conv51_143 was aborted!
[2026-04-20 11:44:06.814] [28286] [HailoRT] [info] [queue_elements.cpp:738] [run_in_thread] run_pull of queue element PullQEl_nms0yolov11n/conv65_143 was aborted!
[2026-04-20 11:44:06.815] [28289] [HailoRT] [info] [queue_elements.cpp:68] [operator()] Thread in element UserBufQEl_post_infer0yolov11n/yolov8_nms_postprocess is not running anymore, exiting..
[2026-04-20 11:44:06.815] [22443] [HailoRT] [info] [queue_elements.cpp:46] [~BaseQueueElement] Queue element UserBufQEl_post_infer0yolov11n/yolov8_nms_postprocess has 0 frames in his Queue on destruction
[2026-04-20 11:44:06.815] [28288] [HailoRT] [info] [queue_elements.cpp:68] [operator()] Thread in element PullQEl_nms2yolov11n/conv80_143 is not running anymore, exiting..
[2026-04-20 11:44:06.815] [22443] [HailoRT] [info] [queue_elements.cpp:46] [~BaseQueueElement] Queue element PullQEl_nms2yolov11n/conv80_143 has 0 frames in his Queue on destruction
[2026-04-20 11:44:06.815] [28287] [HailoRT] [info] [queue_elements.cpp:68] [operator()] Thread in element PullQEl_nms3yolov11n/conv77_143 is not running anymore, exiting..
[2026-04-20 11:44:06.815] [22443] [HailoRT] [info] [queue_elements.cpp:46] [~BaseQueueElement] Queue element PullQEl_nms3yolov11n/conv77_143 has 0 frames in his Queue on destruction
[2026-04-20 11:44:06.815] [28286] [HailoRT] [info] [queue_elements.cpp:68] [operator()] Thread in element PullQEl_nms0yolov11n/conv65_143 is not running anymore, exiting..
[2026-04-20 11:44:06.815] [22443] [HailoRT] [info] [queue_elements.cpp:46] [~BaseQueueElement] Queue element PullQEl_nms0yolov11n/conv65_143 has 0 frames in his Queue on destruction
[2026-04-20 11:44:06.815] [28285] [HailoRT] [info] [queue_elements.cpp:68] [operator()] Thread in element PullQEl_nms0yolov11n/conv62_143 is not running anymore, exiting..
[2026-04-20 11:44:06.815] [22443] [HailoRT] [info] [queue_elements.cpp:46] [~BaseQueueElement] Queue element PullQEl_nms0yolov11n/conv62_143 has 0 frames in his Queue on destruction
[2026-04-20 11:44:06.815] [28284] [HailoRT] [info] [queue_elements.cpp:68] [operator()] Thread in element PullQEl_nms2yolov11n/conv54_143 is not running anymore, exiting..
[2026-04-20 11:44:06.815] [22443] [HailoRT] [info] [queue_elements.cpp:46] [~BaseQueueElement] Queue element PullQEl_nms2yolov11n/conv54_143 has 0 frames in his Queue on destruction
[2026-04-20 11:44:06.815] [28283] [HailoRT] [info] [queue_elements.cpp:68] [operator()] Thread in element PullQEl_nms3yolov11n/conv51_143 is not running anymore, exiting..
[2026-04-20 11:44:06.815] [22443] [HailoRT] [info] [queue_elements.cpp:46] [~BaseQueueElement] Queue element PullQEl_nms3yolov11n/conv51_143 has 0 frames in his Queue on destruction
[2026-04-20 11:44:06.815] [28282] [HailoRT] [info] [queue_elements.cpp:68] [operator()] Thread in element PushQEl8yolov11n/input_layer1 is not running anymore, exiting..
[2026-04-20 11:44:06.815] [22443] [HailoRT] [info] [queue_elements.cpp:46] [~BaseQueueElement] Queue element PushQEl8yolov11n/input_layer1 has 0 frames in his Queue on destruction
[2026-04-20 11:44:06.816] [22443] [HailoRT] [info] [core_op.cpp:186] [deactivate] Deactivating took 0.484054 ms
[2026-04-20 11:44:06.816] [22443] [HailoRT] [info] [core_op.cpp:186] [deactivate] Deactivating took 0.494481 ms
[2026-04-20 11:44:06.860] [22443] [HailoRT] [info] [core_op.cpp:156] [activate] Activating yolov11n took 0.60387 milliseconds. Note that the function is asynchronous and thus the network is not fully activated yet.
[2026-04-20 11:44:06.860] [22443] [HailoRT] [info] [core_op.cpp:156] [activate] Activating yolov11n took 0.62998 milliseconds. Note that the function is asynchronous and thus the network is not fully activated yet.
[2026-04-20 11:44:06.861] [22443] [HailoRT] [info] [edge_elements.cpp:52] [create] Created (HwWriteEl8yolov11n/input_layer1 | hw_frame_size: 1228800)
[2026-04-20 11:44:06.861] [22443] [HailoRT] [info] [queue_elements.cpp:284] [create] Created (PushQEl8yolov11n/input_layer1 | timeout: 10s)
[2026-04-20 11:44:06.861] [22443] [HailoRT] [info] [filter_elements.cpp:101] [create] Created (PreInferEl8yolov11n/input_layer1 | Reorder - src_order: NHWC, src_shape: (640, 640, 3), dst_order: NHCW, dst_shape: (640, 640, 3))
[2026-04-20 11:44:06.861] [22443] [HailoRT] [info] [vstream.cpp:754] [InputVStreamImpl] Creating yolov11n/input_layer1...
[2026-04-20 11:44:06.861] [22443] [HailoRT] [info] [vstream_builder.cpp:102] [create_inputs] Input pipeline 'yolov11n/input_layer1': (PreInferEl8yolov11n/input_layer1 | Reorder - src_order: NHWC, src_shape: (640, 640, 3), dst_order: NHCW, dst_shape: (640, 640, 3)) >> (PushQEl8yolov11n/input_layer1 | timeout: 10s) >> (HwWriteEl8yolov11n/input_layer1 | hw_frame_size: 1228800) >> HW
[2026-04-20 11:44:06.861] [22443] [HailoRT] [info] [multi_io_elements.cpp:135] [create] Created (NmsPPMuxEl0YOLOV8-Post-Process | Op YOLOV8, Name: YOLOV8-Post-Process, Score threshold: 0.200, IoU threshold: 0.70, Classes: 1, Max bboxes per class: 100, Image height: 640, Image width: 640)
[2026-04-20 11:44:06.861] [22443] [HailoRT] [info] [edge_elements.cpp:287] [create] Created (HwReadEl3yolov11n/conv51_143 | hw_frame_size: 409600)
[2026-04-20 11:44:06.861] [22443] [HailoRT] [info] [queue_elements.cpp:657] [create] Created (PullQEl_nms3yolov11n/conv51_143 | timeout: 10s)
[2026-04-20 11:44:06.861] [22443] [HailoRT] [info] [edge_elements.cpp:287] [create] Created (HwReadEl2yolov11n/conv54_143 | hw_frame_size: 6400)
[2026-04-20 11:44:06.861] [22443] [HailoRT] [info] [queue_elements.cpp:657] [create] Created (PullQEl_nms2yolov11n/conv54_143 | timeout: 10s)
[2026-04-20 11:44:06.861] [22443] [HailoRT] [info] [edge_elements.cpp:287] [create] Created (HwReadEl0yolov11n/conv62_143 | hw_frame_size: 102400)
[2026-04-20 11:44:06.861] [22443] [HailoRT] [info] [queue_elements.cpp:657] [create] Created (PullQEl_nms0yolov11n/conv62_143 | timeout: 10s)
[2026-04-20 11:44:06.861] [22443] [HailoRT] [info] [edge_elements.cpp:287] [create] Created (HwReadEl0yolov11n/conv65_143 | hw_frame_size: 1600)
[2026-04-20 11:44:06.861] [22443] [HailoRT] [info] [queue_elements.cpp:657] [create] Created (PullQEl_nms0yolov11n/conv65_143 | timeout: 10s)
[2026-04-20 11:44:06.861] [22443] [HailoRT] [info] [edge_elements.cpp:287] [create] Created (HwReadEl3yolov11n/conv77_143 | hw_frame_size: 30720)
[2026-04-20 11:44:06.861] [22443] [HailoRT] [info] [queue_elements.cpp:657] [create] Created (PullQEl_nms3yolov11n/conv77_143 | timeout: 10s)
[2026-04-20 11:44:06.861] [22443] [HailoRT] [info] [edge_elements.cpp:287] [create] Created (HwReadEl2yolov11n/conv80_143 | hw_frame_size: 480)
[2026-04-20 11:44:06.861] [22443] [HailoRT] [info] [queue_elements.cpp:657] [create] Created (PullQEl_nms2yolov11n/conv80_143 | timeout: 10s)
[2026-04-20 11:44:06.861] [22443] [HailoRT] [info] [queue_elements.cpp:800] [create] Created (UserBufQEl_post_infer0yolov11n/yolov8_nms_postprocess | timeout: 10s)
[2026-04-20 11:44:06.861] [22443] [HailoRT] [info] [vstream.cpp:1114] [OutputVStreamImpl] Creating yolov11n/yolov8_nms_postprocess...
[2026-04-20 11:44:06.861] [22443] [HailoRT] [info] [vstream_builder.cpp:622] [create_output_post_process_nms] Output pipeline 'yolov11n/yolov8_nms_postprocess': HW >> (HwReadEl3yolov11n/conv51_143 | hw_frame_size: 409600) >> (PullQEl_nms3yolov11n/conv51_143) >> (HwReadEl2yolov11n/conv54_143 | hw_frame_size: 6400) >> (PullQEl_nms2yolov11n/conv54_143) >> (HwReadEl0yolov11n/conv62_143 | hw_frame_size: 102400) >> (PullQEl_nms0yolov11n/conv62_143) >> (HwReadEl0yolov11n/conv65_143 | hw_frame_size: 1600) >> (PullQEl_nms0yolov11n/conv65_143) >> (HwReadEl3yolov11n/conv77_143 | hw_frame_size: 30720) >> (PullQEl_nms3yolov11n/conv77_143) >> (HwReadEl2yolov11n/conv80_143 | hw_frame_size: 480) >> (PullQEl_nms2yolov11n/conv80_143) >> (NmsPPMuxEl0YOLOV8-Post-Process | Op YOLOV8, Name: YOLOV8-Post-Process, Score threshold: 0.200, IoU threshold: 0.70, Classes: 1, Max bboxes per class: 100, Image height: 640, Image width: 640) >> (UserBufQEl_post_infer0yolov11n/yolov8_nms_postprocess | timeout: 10s)
[2026-04-20 11:44:06.871] [28297] [HailoRT] [info] [vdevice_native_stream.cpp:331] [read_impl] Failed read from stream HAILO_STREAM_ABORT(63) (device: 0001:01:00.0)
[2026-04-20 11:44:06.871] [28299] [HailoRT] [info] [vdevice_native_stream.cpp:331] [read_impl] Failed read from stream HAILO_STREAM_ABORT(63) (device: 0001:01:00.0)
[2026-04-20 11:44:06.871] [28300] [HailoRT] [info] [vdevice_native_stream.cpp:331] [read_impl] Failed read from stream HAILO_STREAM_ABORT(63) (device: 0001:01:00.0)
[2026-04-20 11:44:06.871] [28300] [HailoRT] [info] [edge_elements.cpp:396] [run_pull] Reading from stream was aborted!
[2026-04-20 11:44:06.871] [28302] [HailoRT] [info] [vdevice_native_stream.cpp:331] [read_impl] Failed read from stream HAILO_STREAM_ABORT(63) (device: 0001:01:00.0)
[2026-04-20 11:44:06.871] [28302] [HailoRT] [info] [edge_elements.cpp:396] [run_pull] Reading from stream was aborted!
[2026-04-20 11:44:06.871] [28301] [HailoRT] [info] [vdevice_native_stream.cpp:331] [read_impl] Failed read from stream HAILO_STREAM_ABORT(63) (device: 0001:01:00.0)
[2026-04-20 11:44:06.871] [28300] [HailoRT] [info] [queue_elements.cpp:738] [run_in_thread] run_pull of queue element PullQEl_nms0yolov11n/conv65_143 was aborted!
[2026-04-20 11:44:06.871] [28301] [HailoRT] [info] [edge_elements.cpp:396] [run_pull] Reading from stream was aborted!
[2026-04-20 11:44:06.871] [28302] [HailoRT] [info] [queue_elements.cpp:738] [run_in_thread] run_pull of queue element PullQEl_nms2yolov11n/conv80_143 was aborted!
[2026-04-20 11:44:06.871] [28297] [HailoRT] [info] [edge_elements.cpp:396] [run_pull] Reading from stream was aborted!
[2026-04-20 11:44:06.871] [28301] [HailoRT] [info] [queue_elements.cpp:738] [run_in_thread] run_pull of queue element PullQEl_nms3yolov11n/conv77_143 was aborted!
[2026-04-20 11:44:06.871] [28299] [HailoRT] [info] [edge_elements.cpp:396] [run_pull] Reading from stream was aborted!
[2026-04-20 11:44:06.871] [28297] [HailoRT] [info] [queue_elements.cpp:738] [run_in_thread] run_pull of queue element PullQEl_nms3yolov11n/conv51_143 was aborted!
[2026-04-20 11:44:06.871] [28299] [HailoRT] [info] [queue_elements.cpp:738] [run_in_thread] run_pull of queue element PullQEl_nms0yolov11n/conv62_143 was aborted!
[2026-04-20 11:44:06.871] [28298] [HailoRT] [info] [vdevice_native_stream.cpp:331] [read_impl] Failed read from stream HAILO_STREAM_ABORT(63) (device: 0001:01:00.0)
[2026-04-20 11:44:06.871] [28298] [HailoRT] [info] [edge_elements.cpp:396] [run_pull] Reading from stream was aborted!
[2026-04-20 11:44:06.871] [28298] [HailoRT] [info] [queue_elements.cpp:738] [run_in_thread] run_pull of queue element PullQEl_nms2yolov11n/conv54_143 was aborted!
[2026-04-20 11:44:06.871] [28303] [HailoRT] [info] [queue_elements.cpp:68] [operator()] Thread in element UserBufQEl_post_infer0yolov11n/yolov8_nms_postprocess is not running anymore, exiting..
[2026-04-20 11:44:06.871] [22443] [HailoRT] [info] [queue_elements.cpp:46] [~BaseQueueElement] Queue element UserBufQEl_post_infer0yolov11n/yolov8_nms_postprocess has 0 frames in his Queue on destruction
[2026-04-20 11:44:06.871] [28302] [HailoRT] [info] [queue_elements.cpp:68] [operator()] Thread in element PullQEl_nms2yolov11n/conv80_143 is not running anymore, exiting..
[2026-04-20 11:44:06.871] [22443] [HailoRT] [info] [queue_elements.cpp:46] [~BaseQueueElement] Queue element PullQEl_nms2yolov11n/conv80_143 has 0 frames in his Queue on destruction
[2026-04-20 11:44:06.871] [28301] [HailoRT] [info] [queue_elements.cpp:68] [operator()] Thread in element PullQEl_nms3yolov11n/conv77_143 is not running anymore, exiting..
[2026-04-20 11:44:06.871] [22443] [HailoRT] [info] [queue_elements.cpp:46] [~BaseQueueElement] Queue element PullQEl_nms3yolov11n/conv77_143 has 0 frames in his Queue on destruction
[2026-04-20 11:44:06.871] [28300] [HailoRT] [info] [queue_elements.cpp:68] [operator()] Thread in element PullQEl_nms0yolov11n/conv65_143 is not running anymore, exiting..
[2026-04-20 11:44:06.871] [22443] [HailoRT] [info] [queue_elements.cpp:46] [~BaseQueueElement] Queue element PullQEl_nms0yolov11n/conv65_143 has 0 frames in his Queue on destruction
[2026-04-20 11:44:06.871] [28299] [HailoRT] [info] [queue_elements.cpp:68] [operator()] Thread in element PullQEl_nms0yolov11n/conv62_143 is not running anymore, exiting..
[2026-04-20 11:44:06.871] [22443] [HailoRT] [info] [queue_elements.cpp:46] [~BaseQueueElement] Queue element PullQEl_nms0yolov11n/conv62_143 has 0 frames in his Queue on destruction
[2026-04-20 11:44:06.871] [28298] [HailoRT] [info] [queue_elements.cpp:68] [operator()] Thread in element PullQEl_nms2yolov11n/conv54_143 is not running anymore, exiting..
[2026-04-20 11:44:06.871] [22443] [HailoRT] [info] [queue_elements.cpp:46] [~BaseQueueElement] Queue element PullQEl_nms2yolov11n/conv54_143 has 0 frames in his Queue on destruction
[2026-04-20 11:44:06.871] [28297] [HailoRT] [info] [queue_elements.cpp:68] [operator()] Thread in element PullQEl_nms3yolov11n/conv51_143 is not running anymore, exiting..
[2026-04-20 11:44:06.871] [22443] [HailoRT] [info] [queue_elements.cpp:46] [~BaseQueueElement] Queue element PullQEl_nms3yolov11n/conv51_143 has 0 frames in his Queue on destruction
[2026-04-20 11:44:06.871] [28296] [HailoRT] [info] [queue_elements.cpp:68] [operator()] Thread in element PushQEl8yolov11n/input_layer1 is not running anymore, exiting..
[2026-04-20 11:44:06.871] [22443] [HailoRT] [info] [queue_elements.cpp:46] [~BaseQueueElement] Queue element PushQEl8yolov11n/input_layer1 has 0 frames in his Queue on destruction
[2026-04-20 11:44:06.872] [22443] [HailoRT] [info] [core_op.cpp:186] [deactivate] Deactivating took 0.509777 ms
[2026-04-20 11:44:06.872] [22443] [HailoRT] [info] [core_op.cpp:186] [deactivate] Deactivating took 0.519833 ms
[2026-04-20 11:44:07.254] [22443] [HailoRT] [info] [core_op.cpp:156] [activate] Activating yolov11n took 0.611518 milliseconds. Note that the function is asynchronous and thus the network is not fully activated yet.
[2026-04-20 11:44:07.254] [22443] [HailoRT] [info] [core_op.cpp:156] [activate] Activating yolov11n took 0.638795 milliseconds. Note that the function is asynchronous and thus the network is not fully activated yet.
[2026-04-20 11:44:07.254] [22443] [HailoRT] [info] [edge_elements.cpp:52] [create] Created (HwWriteEl8yolov11n/input_layer1 | hw_frame_size: 1228800)
[2026-04-20 11:44:07.254] [22443] [HailoRT] [info] [queue_elements.cpp:284] [create] Created (PushQEl8yolov11n/input_layer1 | timeout: 10s)
[2026-04-20 11:44:07.254] [22443] [HailoRT] [info] [filter_elements.cpp:101] [create] Created (PreInferEl8yolov11n/input_layer1 | Reorder - src_order: NHWC, src_shape: (640, 640, 3), dst_order: NHCW, dst_shape: (640, 640, 3))
[2026-04-20 11:44:07.254] [22443] [HailoRT] [info] [vstream.cpp:754] [InputVStreamImpl] Creating yolov11n/input_layer1...
[2026-04-20 11:44:07.254] [22443] [HailoRT] [info] [vstream_builder.cpp:102] [create_inputs] Input pipeline 'yolov11n/input_layer1': (PreInferEl8yolov11n/input_layer1 | Reorder - src_order: NHWC, src_shape: (640, 640, 3), dst_order: NHCW, dst_shape: (640, 640, 3)) >> (PushQEl8yolov11n/input_layer1 | timeout: 10s) >> (HwWriteEl8yolov11n/input_layer1 | hw_frame_size: 1228800) >> HW
[2026-04-20 11:44:07.254] [22443] [HailoRT] [info] [multi_io_elements.cpp:135] [create] Created (NmsPPMuxEl0YOLOV8-Post-Process | Op YOLOV8, Name: YOLOV8-Post-Process, Score threshold: 0.200, IoU threshold: 0.70, Classes: 1, Max bboxes per class: 100, Image height: 640, Image width: 640)
[2026-04-20 11:44:07.254] [22443] [HailoRT] [info] [edge_elements.cpp:287] [create] Created (HwReadEl3yolov11n/conv51_143 | hw_frame_size: 409600)
[2026-04-20 11:44:07.254] [22443] [HailoRT] [info] [queue_elements.cpp:657] [create] Created (PullQEl_nms3yolov11n/conv51_143 | timeout: 10s)
[2026-04-20 11:44:07.254] [22443] [HailoRT] [info] [edge_elements.cpp:287] [create] Created (HwReadEl2yolov11n/conv54_143 | hw_frame_size: 6400)
[2026-04-20 11:44:07.254] [22443] [HailoRT] [info] [queue_elements.cpp:657] [create] Created (PullQEl_nms2yolov11n/conv54_143 | timeout: 10s)
[2026-04-20 11:44:07.254] [22443] [HailoRT] [info] [edge_elements.cpp:287] [create] Created (HwReadEl0yolov11n/conv62_143 | hw_frame_size: 102400)
[2026-04-20 11:44:07.254] [22443] [HailoRT] [info] [queue_elements.cpp:657] [create] Created (PullQEl_nms0yolov11n/conv62_143 | timeout: 10s)
[2026-04-20 11:44:07.254] [22443] [HailoRT] [info] [edge_elements.cpp:287] [create] Created (HwReadEl0yolov11n/conv65_143 | hw_frame_size: 1600)
[2026-04-20 11:44:07.254] [22443] [HailoRT] [info] [queue_elements.cpp:657] [create] Created (PullQEl_nms0yolov11n/conv65_143 | timeout: 10s)
[2026-04-20 11:44:07.255] [22443] [HailoRT] [info] [edge_elements.cpp:287] [create] Created (HwReadEl3yolov11n/conv77_143 | hw_frame_size: 30720)
[2026-04-20 11:44:07.255] [22443] [HailoRT] [info] [queue_elements.cpp:657] [create] Created (PullQEl_nms3yolov11n/conv77_143 | timeout: 10s)
[2026-04-20 11:44:07.255] [22443] [HailoRT] [info] [edge_elements.cpp:287] [create] Created (HwReadEl2yolov11n/conv80_143 | hw_frame_size: 480)
[2026-04-20 11:44:07.255] [22443] [HailoRT] [info] [queue_elements.cpp:657] [create] Created (PullQEl_nms2yolov11n/conv80_143 | timeout: 10s)
[2026-04-20 11:44:07.255] [22443] [HailoRT] [info] [queue_elements.cpp:800] [create] Created (UserBufQEl_post_infer0yolov11n/yolov8_nms_postprocess | timeout: 10s)
[2026-04-20 11:44:07.255] [22443] [HailoRT] [info] [vstream.cpp:1114] [OutputVStreamImpl] Creating yolov11n/yolov8_nms_postprocess...
[2026-04-20 11:44:07.255] [22443] [HailoRT] [info] [vstream_builder.cpp:622] [create_output_post_process_nms] Output pipeline 'yolov11n/yolov8_nms_postprocess': HW >> (HwReadEl3yolov11n/conv51_143 | hw_frame_size: 409600) >> (PullQEl_nms3yolov11n/conv51_143) >> (HwReadEl2yolov11n/conv54_143 | hw_frame_size: 6400) >> (PullQEl_nms2yolov11n/conv54_143) >> (HwReadEl0yolov11n/conv62_143 | hw_frame_size: 102400) >> (PullQEl_nms0yolov11n/conv62_143) >> (HwReadEl0yolov11n/conv65_143 | hw_frame_size: 1600) >> (PullQEl_nms0yolov11n/conv65_143) >> (HwReadEl3yolov11n/conv77_143 | hw_frame_size: 30720) >> (PullQEl_nms3yolov11n/conv77_143) >> (HwReadEl2yolov11n/conv80_143 | hw_frame_size: 480) >> (PullQEl_nms2yolov11n/conv80_143) >> (NmsPPMuxEl0YOLOV8-Post-Process | Op YOLOV8, Name: YOLOV8-Post-Process, Score threshold: 0.200, IoU threshold: 0.70, Classes: 1, Max bboxes per class: 100, Image height: 640, Image width: 640) >> (UserBufQEl_post_infer0yolov11n/yolov8_nms_postprocess | timeout: 10s)
[2026-04-20 11:44:07.264] [28307] [HailoRT] [info] [vdevice_native_stream.cpp:331] [read_impl] Failed read from stream HAILO_STREAM_ABORT(63) (device: 0001:01:00.0)
[2026-04-20 11:44:07.264] [28307] [HailoRT] [info] [edge_elements.cpp:396] [run_pull] Reading from stream was aborted!
[2026-04-20 11:44:07.264] [28311] [HailoRT] [info] [vdevice_native_stream.cpp:331] [read_impl] Failed read from stream HAILO_STREAM_ABORT(63) (device: 0001:01:00.0)
[2026-04-20 11:44:07.264] [28307] [HailoRT] [info] [queue_elements.cpp:738] [run_in_thread] run_pull of queue element PullQEl_nms3yolov11n/conv51_143 was aborted!
[2026-04-20 11:44:07.264] [28311] [HailoRT] [info] [edge_elements.cpp:396] [run_pull] Reading from stream was aborted!
[2026-04-20 11:44:07.264] [28311] [HailoRT] [info] [queue_elements.cpp:738] [run_in_thread] run_pull of queue element PullQEl_nms3yolov11n/conv77_143 was aborted!
[2026-04-20 11:44:07.264] [28308] [HailoRT] [info] [vdevice_native_stream.cpp:331] [read_impl] Failed read from stream HAILO_STREAM_ABORT(63) (device: 0001:01:00.0)
[2026-04-20 11:44:07.264] [28308] [HailoRT] [info] [edge_elements.cpp:396] [run_pull] Reading from stream was aborted!
[2026-04-20 11:44:07.264] [28312] [HailoRT] [info] [vdevice_native_stream.cpp:331] [read_impl] Failed read from stream HAILO_STREAM_ABORT(63) (device: 0001:01:00.0)
[2026-04-20 11:44:07.264] [28309] [HailoRT] [info] [vdevice_native_stream.cpp:331] [read_impl] Failed read from stream HAILO_STREAM_ABORT(63) (device: 0001:01:00.0)
[2026-04-20 11:44:07.264] [28312] [HailoRT] [info] [edge_elements.cpp:396] [run_pull] Reading from stream was aborted!
[2026-04-20 11:44:07.264] [28309] [HailoRT] [info] [edge_elements.cpp:396] [run_pull] Reading from stream was aborted!
[2026-04-20 11:44:07.264] [28308] [HailoRT] [info] [queue_elements.cpp:738] [run_in_thread] run_pull of queue element PullQEl_nms2yolov11n/conv54_143 was aborted!
[2026-04-20 11:44:07.264] [28312] [HailoRT] [info] [queue_elements.cpp:738] [run_in_thread] run_pull of queue element PullQEl_nms2yolov11n/conv80_143 was aborted!
[2026-04-20 11:44:07.264] [28309] [HailoRT] [info] [queue_elements.cpp:738] [run_in_thread] run_pull of queue element PullQEl_nms0yolov11n/conv62_143 was aborted!
[2026-04-20 11:44:07.264] [28310] [HailoRT] [info] [vdevice_native_stream.cpp:331] [read_impl] Failed read from stream HAILO_STREAM_ABORT(63) (device: 0001:01:00.0)
[2026-04-20 11:44:07.264] [28310] [HailoRT] [info] [edge_elements.cpp:396] [run_pull] Reading from stream was aborted!
[2026-04-20 11:44:07.264] [28310] [HailoRT] [info] [queue_elements.cpp:738] [run_in_thread] run_pull of queue element PullQEl_nms0yolov11n/conv65_143 was aborted!
[2026-04-20 11:44:07.264] [28313] [HailoRT] [info] [queue_elements.cpp:68] [operator()] Thread in element UserBufQEl_post_infer0yolov11n/yolov8_nms_postprocess is not running anymore, exiting..
[2026-04-20 11:44:07.264] [22443] [HailoRT] [info] [queue_elements.cpp:46] [~BaseQueueElement] Queue element UserBufQEl_post_infer0yolov11n/yolov8_nms_postprocess has 0 frames in his Queue on destruction
[2026-04-20 11:44:07.264] [28312] [HailoRT] [info] [queue_elements.cpp:68] [operator()] Thread in element PullQEl_nms2yolov11n/conv80_143 is not running anymore, exiting..
[2026-04-20 11:44:07.264] [22443] [HailoRT] [info] [queue_elements.cpp:46] [~BaseQueueElement] Queue element PullQEl_nms2yolov11n/conv80_143 has 0 frames in his Queue on destruction
[2026-04-20 11:44:07.264] [28311] [HailoRT] [info] [queue_elements.cpp:68] [operator()] Thread in element PullQEl_nms3yolov11n/conv77_143 is not running anymore, exiting..
[2026-04-20 11:44:07.264] [22443] [HailoRT] [info] [queue_elements.cpp:46] [~BaseQueueElement] Queue element PullQEl_nms3yolov11n/conv77_143 has 0 frames in his Queue on destruction
[2026-04-20 11:44:07.264] [28310] [HailoRT] [info] [queue_elements.cpp:68] [operator()] Thread in element PullQEl_nms0yolov11n/conv65_143 is not running anymore, exiting..
[2026-04-20 11:44:07.264] [22443] [HailoRT] [info] [queue_elements.cpp:46] [~BaseQueueElement] Queue element PullQEl_nms0yolov11n/conv65_143 has 0 frames in his Queue on destruction
[2026-04-20 11:44:07.265] [28309] [HailoRT] [info] [queue_elements.cpp:68] [operator()] Thread in element PullQEl_nms0yolov11n/conv62_143 is not running anymore, exiting..
[2026-04-20 11:44:07.265] [22443] [HailoRT] [info] [queue_elements.cpp:46] [~BaseQueueElement] Queue element PullQEl_nms0yolov11n/conv62_143 has 0 frames in his Queue on destruction
[2026-04-20 11:44:07.265] [28308] [HailoRT] [info] [queue_elements.cpp:68] [operator()] Thread in element PullQEl_nms2yolov11n/conv54_143 is not running anymore, exiting..
[2026-04-20 11:44:07.265] [22443] [HailoRT] [info] [queue_elements.cpp:46] [~BaseQueueElement] Queue element PullQEl_nms2yolov11n/conv54_143 has 0 frames in his Queue on destruction
[2026-04-20 11:44:07.265] [28307] [HailoRT] [info] [queue_elements.cpp:68] [operator()] Thread in element PullQEl_nms3yolov11n/conv51_143 is not running anymore, exiting..
[2026-04-20 11:44:07.265] [22443] [HailoRT] [info] [queue_elements.cpp:46] [~BaseQueueElement] Queue element PullQEl_nms3yolov11n/conv51_143 has 0 frames in his Queue on destruction
[2026-04-20 11:44:07.265] [28306] [HailoRT] [info] [queue_elements.cpp:68] [operator()] Thread in element PushQEl8yolov11n/input_layer1 is not running anymore, exiting..
[2026-04-20 11:44:07.265] [22443] [HailoRT] [info] [queue_elements.cpp:46] [~BaseQueueElement] Queue element PushQEl8yolov11n/input_layer1 has 0 frames in his Queue on destruction
[2026-04-20 11:44:07.265] [22443] [HailoRT] [info] [core_op.cpp:186] [deactivate] Deactivating took 0.512759 ms
[2026-04-20 11:44:07.265] [22443] [HailoRT] [info] [core_op.cpp:186] [deactivate] Deactivating took 0.522462 ms
[2026-04-20 11:44:07.407] [22443] [HailoRT] [info] [core_op.cpp:156] [activate] Activating yolov11n took 0.600647 milliseconds. Note that the function is asynchronous and thus the network is not fully activated yet.
[2026-04-20 11:44:07.408] [22443] [HailoRT] [info] [core_op.cpp:156] [activate] Activating yolov11n took 0.625276 milliseconds. Note that the function is asynchronous and thus the network is not fully activated yet.
[2026-04-20 11:44:07.408] [22443] [HailoRT] [info] [edge_elements.cpp:52] [create] Created (HwWriteEl8yolov11n/input_layer1 | hw_frame_size: 1228800)
[2026-04-20 11:44:07.408] [22443] [HailoRT] [info] [queue_elements.cpp:284] [create] Created (PushQEl8yolov11n/input_layer1 | timeout: 10s)
[2026-04-20 11:44:07.408] [22443] [HailoRT] [info] [filter_elements.cpp:101] [create] Created (PreInferEl8yolov11n/input_layer1 | Reorder - src_order: NHWC, src_shape: (640, 640, 3), dst_order: NHCW, dst_shape: (640, 640, 3))
[2026-04-20 11:44:07.408] [22443] [HailoRT] [info] [vstream.cpp:754] [InputVStreamImpl] Creating yolov11n/input_layer1...
[2026-04-20 11:44:07.408] [22443] [HailoRT] [info] [vstream_builder.cpp:102] [create_inputs] Input pipeline 'yolov11n/input_layer1': (PreInferEl8yolov11n/input_layer1 | Reorder - src_order: NHWC, src_shape: (640, 640, 3), dst_order: NHCW, dst_shape: (640, 640, 3)) >> (PushQEl8yolov11n/input_layer1 | timeout: 10s) >> (HwWriteEl8yolov11n/input_layer1 | hw_frame_size: 1228800) >> HW
[2026-04-20 11:44:07.408] [22443] [HailoRT] [info] [multi_io_elements.cpp:135] [create] Created (NmsPPMuxEl0YOLOV8-Post-Process | Op YOLOV8, Name: YOLOV8-Post-Process, Score threshold: 0.200, IoU threshold: 0.70, Classes: 1, Max bboxes per class: 100, Image height: 640, Image width: 640)
[2026-04-20 11:44:07.408] [22443] [HailoRT] [info] [edge_elements.cpp:287] [create] Created (HwReadEl3yolov11n/conv51_143 | hw_frame_size: 409600)
[2026-04-20 11:44:07.408] [22443] [HailoRT] [info] [queue_elements.cpp:657] [create] Created (PullQEl_nms3yolov11n/conv51_143 | timeout: 10s)
[2026-04-20 11:44:07.408] [22443] [HailoRT] [info] [edge_elements.cpp:287] [create] Created (HwReadEl2yolov11n/conv54_143 | hw_frame_size: 6400)
[2026-04-20 11:44:07.408] [22443] [HailoRT] [info] [queue_elements.cpp:657] [create] Created (PullQEl_nms2yolov11n/conv54_143 | timeout: 10s)
[2026-04-20 11:44:07.408] [22443] [HailoRT] [info] [edge_elements.cpp:287] [create] Created (HwReadEl0yolov11n/conv62_143 | hw_frame_size: 102400)
[2026-04-20 11:44:07.408] [22443] [HailoRT] [info] [queue_elements.cpp:657] [create] Created (PullQEl_nms0yolov11n/conv62_143 | timeout: 10s)
[2026-04-20 11:44:07.408] [22443] [HailoRT] [info] [edge_elements.cpp:287] [create] Created (HwReadEl0yolov11n/conv65_143 | hw_frame_size: 1600)
[2026-04-20 11:44:07.408] [22443] [HailoRT] [info] [queue_elements.cpp:657] [create] Created (PullQEl_nms0yolov11n/conv65_143 | timeout: 10s)
[2026-04-20 11:44:07.408] [22443] [HailoRT] [info] [edge_elements.cpp:287] [create] Created (HwReadEl3yolov11n/conv77_143 | hw_frame_size: 30720)
[2026-04-20 11:44:07.408] [22443] [HailoRT] [info] [queue_elements.cpp:657] [create] Created (PullQEl_nms3yolov11n/conv77_143 | timeout: 10s)
[2026-04-20 11:44:07.408] [22443] [HailoRT] [info] [edge_elements.cpp:287] [create] Created (HwReadEl2yolov11n/conv80_143 | hw_frame_size: 480)
[2026-04-20 11:44:07.408] [22443] [HailoRT] [info] [queue_elements.cpp:657] [create] Created (PullQEl_nms2yolov11n/conv80_143 | timeout: 10s)
[2026-04-20 11:44:07.408] [22443] [HailoRT] [info] [queue_elements.cpp:800] [create] Created (UserBufQEl_post_infer0yolov11n/yolov8_nms_postprocess | timeout: 10s)
[2026-04-20 11:44:07.408] [22443] [HailoRT] [info] [vstream.cpp:1114] [OutputVStreamImpl] Creating yolov11n/yolov8_nms_postprocess...
[2026-04-20 11:44:07.408] [22443] [HailoRT] [info] [vstream_builder.cpp:622] [create_output_post_process_nms] Output pipeline 'yolov11n/yolov8_nms_postprocess': HW >> (HwReadEl3yolov11n/conv51_143 | hw_frame_size: 409600) >> (PullQEl_nms3yolov11n/conv51_143) >> (HwReadEl2yolov11n/conv54_143 | hw_frame_size: 6400) >> (PullQEl_nms2yolov11n/conv54_143) >> (HwReadEl0yolov11n/conv62_143 | hw_frame_size: 102400) >> (PullQEl_nms0yolov11n/conv62_143) >> (HwReadEl0yolov11n/conv65_143 | hw_frame_size: 1600) >> (PullQEl_nms0yolov11n/conv65_143) >> (HwReadEl3yolov11n/conv77_143 | hw_frame_size: 30720) >> (PullQEl_nms3yolov11n/conv77_143) >> (HwReadEl2yolov11n/conv80_143 | hw_frame_size: 480) >> (PullQEl_nms2yolov11n/conv80_143) >> (NmsPPMuxEl0YOLOV8-Post-Process | Op YOLOV8, Name: YOLOV8-Post-Process, Score threshold: 0.200, IoU threshold: 0.70, Classes: 1, Max bboxes per class: 100, Image height: 640, Image width: 640) >> (UserBufQEl_post_infer0yolov11n/yolov8_nms_postprocess | timeout: 10s)
[2026-04-20 11:44:07.418] [28338] [HailoRT] [info] [vdevice_native_stream.cpp:331] [read_impl] Failed read from stream HAILO_STREAM_ABORT(63) (device: 0001:01:00.0)
[2026-04-20 11:44:07.418] [28341] [HailoRT] [info] [vdevice_native_stream.cpp:331] [read_impl] Failed read from stream HAILO_STREAM_ABORT(63) (device: 0001:01:00.0)
[2026-04-20 11:44:07.418] [28341] [HailoRT] [info] [edge_elements.cpp:396] [run_pull] Reading from stream was aborted!
[2026-04-20 11:44:07.418] [28340] [HailoRT] [info] [vdevice_native_stream.cpp:331] [read_impl] Failed read from stream HAILO_STREAM_ABORT(63) (device: 0001:01:00.0)
[2026-04-20 11:44:07.418] [28340] [HailoRT] [info] [edge_elements.cpp:396] [run_pull] Reading from stream was aborted!
[2026-04-20 11:44:07.418] [28342] [HailoRT] [info] [vdevice_native_stream.cpp:331] [read_impl] Failed read from stream HAILO_STREAM_ABORT(63) (device: 0001:01:00.0)
[2026-04-20 11:44:07.418] [28341] [HailoRT] [info] [queue_elements.cpp:738] [run_in_thread] run_pull of queue element PullQEl_nms0yolov11n/conv65_143 was aborted!
[2026-04-20 11:44:07.418] [28342] [HailoRT] [info] [edge_elements.cpp:396] [run_pull] Reading from stream was aborted!
[2026-04-20 11:44:07.418] [28340] [HailoRT] [info] [queue_elements.cpp:738] [run_in_thread] run_pull of queue element PullQEl_nms0yolov11n/conv62_143 was aborted!
[2026-04-20 11:44:07.418] [28342] [HailoRT] [info] [queue_elements.cpp:738] [run_in_thread] run_pull of queue element PullQEl_nms3yolov11n/conv77_143 was aborted!
[2026-04-20 11:44:07.418] [28338] [HailoRT] [info] [edge_elements.cpp:396] [run_pull] Reading from stream was aborted!
[2026-04-20 11:44:07.418] [28338] [HailoRT] [info] [queue_elements.cpp:738] [run_in_thread] run_pull of queue element PullQEl_nms3yolov11n/conv51_143 was aborted!
[2026-04-20 11:44:07.418] [28339] [HailoRT] [info] [vdevice_native_stream.cpp:331] [read_impl] Failed read from stream HAILO_STREAM_ABORT(63) (device: 0001:01:00.0)
[2026-04-20 11:44:07.418] [28339] [HailoRT] [info] [edge_elements.cpp:396] [run_pull] Reading from stream was aborted!
[2026-04-20 11:44:07.418] [28339] [HailoRT] [info] [queue_elements.cpp:738] [run_in_thread] run_pull of queue element PullQEl_nms2yolov11n/conv54_143 was aborted!
[2026-04-20 11:44:07.418] [28343] [HailoRT] [info] [vdevice_native_stream.cpp:331] [read_impl] Failed read from stream HAILO_STREAM_ABORT(63) (device: 0001:01:00.0)
[2026-04-20 11:44:07.418] [28343] [HailoRT] [info] [edge_elements.cpp:396] [run_pull] Reading from stream was aborted!
[2026-04-20 11:44:07.418] [28343] [HailoRT] [info] [queue_elements.cpp:738] [run_in_thread] run_pull of queue element PullQEl_nms2yolov11n/conv80_143 was aborted!
[2026-04-20 11:44:07.418] [28344] [HailoRT] [info] [queue_elements.cpp:68] [operator()] Thread in element UserBufQEl_post_infer0yolov11n/yolov8_nms_postprocess is not running anymore, exiting..
[2026-04-20 11:44:07.418] [22443] [HailoRT] [info] [queue_elements.cpp:46] [~BaseQueueElement] Queue element UserBufQEl_post_infer0yolov11n/yolov8_nms_postprocess has 0 frames in his Queue on destruction
[2026-04-20 11:44:07.418] [28343] [HailoRT] [info] [queue_elements.cpp:68] [operator()] Thread in element PullQEl_nms2yolov11n/conv80_143 is not running anymore, exiting..
[2026-04-20 11:44:07.418] [22443] [HailoRT] [info] [queue_elements.cpp:46] [~BaseQueueElement] Queue element PullQEl_nms2yolov11n/conv80_143 has 0 frames in his Queue on destruction
[2026-04-20 11:44:07.418] [28342] [HailoRT] [info] [queue_elements.cpp:68] [operator()] Thread in element PullQEl_nms3yolov11n/conv77_143 is not running anymore, exiting..
[2026-04-20 11:44:07.418] [22443] [HailoRT] [info] [queue_elements.cpp:46] [~BaseQueueElement] Queue element PullQEl_nms3yolov11n/conv77_143 has 0 frames in his Queue on destruction
[2026-04-20 11:44:07.418] [28341] [HailoRT] [info] [queue_elements.cpp:68] [operator()] Thread in element PullQEl_nms0yolov11n/conv65_143 is not running anymore, exiting..
[2026-04-20 11:44:07.418] [22443] [HailoRT] [info] [queue_elements.cpp:46] [~BaseQueueElement] Queue element PullQEl_nms0yolov11n/conv65_143 has 0 frames in his Queue on destruction
[2026-04-20 11:44:07.418] [28340] [HailoRT] [info] [queue_elements.cpp:68] [operator()] Thread in element PullQEl_nms0yolov11n/conv62_143 is not running anymore, exiting..
[2026-04-20 11:44:07.418] [22443] [HailoRT] [info] [queue_elements.cpp:46] [~BaseQueueElement] Queue element PullQEl_nms0yolov11n/conv62_143 has 0 frames in his Queue on destruction
[2026-04-20 11:44:07.418] [28339] [HailoRT] [info] [queue_elements.cpp:68] [operator()] Thread in element PullQEl_nms2yolov11n/conv54_143 is not running anymore, exiting..
[2026-04-20 11:44:07.418] [22443] [HailoRT] [info] [queue_elements.cpp:46] [~BaseQueueElement] Queue element PullQEl_nms2yolov11n/conv54_143 has 0 frames in his Queue on destruction
[2026-04-20 11:44:07.418] [28338] [HailoRT] [info] [queue_elements.cpp:68] [operator()] Thread in element PullQEl_nms3yolov11n/conv51_143 is not running anymore, exiting..
[2026-04-20 11:44:07.418] [22443] [HailoRT] [info] [queue_elements.cpp:46] [~BaseQueueElement] Queue element PullQEl_nms3yolov11n/conv51_143 has 0 frames in his Queue on destruction
[2026-04-20 11:44:07.418] [28337] [HailoRT] [info] [queue_elements.cpp:68] [operator()] Thread in element PushQEl8yolov11n/input_layer1 is not running anymore, exiting..
[2026-04-20 11:44:07.418] [22443] [HailoRT] [info] [queue_elements.cpp:46] [~BaseQueueElement] Queue element PushQEl8yolov11n/input_layer1 has 0 frames in his Queue on destruction
[2026-04-20 11:44:07.419] [22443] [HailoRT] [info] [core_op.cpp:186] [deactivate] Deactivating took 0.510276 ms
[2026-04-20 11:44:07.419] [22443] [HailoRT] [info] [core_op.cpp:186] [deactivate] Deactivating took 0.519592 ms
[2026-04-20 11:44:07.461] [22443] [HailoRT] [info] [core_op.cpp:156] [activate] Activating yolov11n took 0.597425 milliseconds. Note that the function is asynchronous and thus the network is not fully activated yet.
[2026-04-20 11:44:07.461] [22443] [HailoRT] [info] [core_op.cpp:156] [activate] Activating yolov11n took 0.623073 milliseconds. Note that the function is asynchronous and thus the network is not fully activated yet.
[2026-04-20 11:44:07.461] [22443] [HailoRT] [info] [edge_elements.cpp:52] [create] Created (HwWriteEl8yolov11n/input_layer1 | hw_frame_size: 1228800)
[2026-04-20 11:44:07.461] [22443] [HailoRT] [info] [queue_elements.cpp:284] [create] Created (PushQEl8yolov11n/input_layer1 | timeout: 10s)
[2026-04-20 11:44:07.461] [22443] [HailoRT] [info] [filter_elements.cpp:101] [create] Created (PreInferEl8yolov11n/input_layer1 | Reorder - src_order: NHWC, src_shape: (640, 640, 3), dst_order: NHCW, dst_shape: (640, 640, 3))
[2026-04-20 11:44:07.461] [22443] [HailoRT] [info] [vstream.cpp:754] [InputVStreamImpl] Creating yolov11n/input_layer1...
[2026-04-20 11:44:07.461] [22443] [HailoRT] [info] [vstream_builder.cpp:102] [create_inputs] Input pipeline 'yolov11n/input_layer1': (PreInferEl8yolov11n/input_layer1 | Reorder - src_order: NHWC, src_shape: (640, 640, 3), dst_order: NHCW, dst_shape: (640, 640, 3)) >> (PushQEl8yolov11n/input_layer1 | timeout: 10s) >> (HwWriteEl8yolov11n/input_layer1 | hw_frame_size: 1228800) >> HW
[2026-04-20 11:44:07.461] [22443] [HailoRT] [info] [multi_io_elements.cpp:135] [create] Created (NmsPPMuxEl0YOLOV8-Post-Process | Op YOLOV8, Name: YOLOV8-Post-Process, Score threshold: 0.200, IoU threshold: 0.70, Classes: 1, Max bboxes per class: 100, Image height: 640, Image width: 640)
[2026-04-20 11:44:07.461] [22443] [HailoRT] [info] [edge_elements.cpp:287] [create] Created (HwReadEl3yolov11n/conv51_143 | hw_frame_size: 409600)
[2026-04-20 11:44:07.461] [22443] [HailoRT] [info] [queue_elements.cpp:657] [create] Created (PullQEl_nms3yolov11n/conv51_143 | timeout: 10s)
[2026-04-20 11:44:07.461] [22443] [HailoRT] [info] [edge_elements.cpp:287] [create] Created (HwReadEl2yolov11n/conv54_143 | hw_frame_size: 6400)
[2026-04-20 11:44:07.461] [22443] [HailoRT] [info] [queue_elements.cpp:657] [create] Created (PullQEl_nms2yolov11n/conv54_143 | timeout: 10s)
[2026-04-20 11:44:07.461] [22443] [HailoRT] [info] [edge_elements.cpp:287] [create] Created (HwReadEl0yolov11n/conv62_143 | hw_frame_size: 102400)
[2026-04-20 11:44:07.461] [22443] [HailoRT] [info] [queue_elements.cpp:657] [create] Created (PullQEl_nms0yolov11n/conv62_143 | timeout: 10s)
[2026-04-20 11:44:07.461] [22443] [HailoRT] [info] [edge_elements.cpp:287] [create] Created (HwReadEl0yolov11n/conv65_143 | hw_frame_size: 1600)
[2026-04-20 11:44:07.461] [22443] [HailoRT] [info] [queue_elements.cpp:657] [create] Created (PullQEl_nms0yolov11n/conv65_143 | timeout: 10s)
[2026-04-20 11:44:07.461] [22443] [HailoRT] [info] [edge_elements.cpp:287] [create] Created (HwReadEl3yolov11n/conv77_143 | hw_frame_size: 30720)
[2026-04-20 11:44:07.462] [22443] [HailoRT] [info] [queue_elements.cpp:657] [create] Created (PullQEl_nms3yolov11n/conv77_143 | timeout: 10s)
[2026-04-20 11:44:07.462] [22443] [HailoRT] [info] [edge_elements.cpp:287] [create] Created (HwReadEl2yolov11n/conv80_143 | hw_frame_size: 480)
[2026-04-20 11:44:07.462] [22443] [HailoRT] [info] [queue_elements.cpp:657] [create] Created (PullQEl_nms2yolov11n/conv80_143 | timeout: 10s)
[2026-04-20 11:44:07.462] [22443] [HailoRT] [info] [queue_elements.cpp:800] [create] Created (UserBufQEl_post_infer0yolov11n/yolov8_nms_postprocess | timeout: 10s)
[2026-04-20 11:44:07.462] [22443] [HailoRT] [info] [vstream.cpp:1114] [OutputVStreamImpl] Creating yolov11n/yolov8_nms_postprocess...
[2026-04-20 11:44:07.462] [22443] [HailoRT] [info] [vstream_builder.cpp:622] [create_output_post_process_nms] Output pipeline 'yolov11n/yolov8_nms_postprocess': HW >> (HwReadEl3yolov11n/conv51_143 | hw_frame_size: 409600) >> (PullQEl_nms3yolov11n/conv51_143) >> (HwReadEl2yolov11n/conv54_143 | hw_frame_size: 6400) >> (PullQEl_nms2yolov11n/conv54_143) >> (HwReadEl0yolov11n/conv62_143 | hw_frame_size: 102400) >> (PullQEl_nms0yolov11n/conv62_143) >> (HwReadEl0yolov11n/conv65_143 | hw_frame_size: 1600) >> (PullQEl_nms0yolov11n/conv65_143) >> (HwReadEl3yolov11n/conv77_143 | hw_frame_size: 30720) >> (PullQEl_nms3yolov11n/conv77_143) >> (HwReadEl2yolov11n/conv80_143 | hw_frame_size: 480) >> (PullQEl_nms2yolov11n/conv80_143) >> (NmsPPMuxEl0YOLOV8-Post-Process | Op YOLOV8, Name: YOLOV8-Post-Process, Score threshold: 0.200, IoU threshold: 0.70, Classes: 1, Max bboxes per class: 100, Image height: 640, Image width: 640) >> (UserBufQEl_post_infer0yolov11n/yolov8_nms_postprocess | timeout: 10s)
[2026-04-20 11:44:07.471] [28349] [HailoRT] [info] [vdevice_native_stream.cpp:331] [read_impl] Failed read from stream HAILO_STREAM_ABORT(63) (device: 0001:01:00.0)
[2026-04-20 11:44:07.471] [28351] [HailoRT] [info] [vdevice_native_stream.cpp:331] [read_impl] Failed read from stream HAILO_STREAM_ABORT(63) (device: 0001:01:00.0)
[2026-04-20 11:44:07.471] [28351] [HailoRT] [info] [edge_elements.cpp:396] [run_pull] Reading from stream was aborted!
[2026-04-20 11:44:07.471] [28353] [HailoRT] [info] [vdevice_native_stream.cpp:331] [read_impl] Failed read from stream HAILO_STREAM_ABORT(63) (device: 0001:01:00.0)
[2026-04-20 11:44:07.471] [28351] [HailoRT] [info] [queue_elements.cpp:738] [run_in_thread] run_pull of queue element PullQEl_nms0yolov11n/conv65_143 was aborted!
[2026-04-20 11:44:07.471] [28353] [HailoRT] [info] [edge_elements.cpp:396] [run_pull] Reading from stream was aborted!
[2026-04-20 11:44:07.471] [28352] [HailoRT] [info] [vdevice_native_stream.cpp:331] [read_impl] Failed read from stream HAILO_STREAM_ABORT(63) (device: 0001:01:00.0)
[2026-04-20 11:44:07.471] [28349] [HailoRT] [info] [edge_elements.cpp:396] [run_pull] Reading from stream was aborted!
[2026-04-20 11:44:07.471] [28353] [HailoRT] [info] [queue_elements.cpp:738] [run_in_thread] run_pull of queue element PullQEl_nms2yolov11n/conv80_143 was aborted!
[2026-04-20 11:44:07.471] [28348] [HailoRT] [info] [vdevice_native_stream.cpp:331] [read_impl] Failed read from stream HAILO_STREAM_ABORT(63) (device: 0001:01:00.0)
[2026-04-20 11:44:07.471] [28348] [HailoRT] [info] [edge_elements.cpp:396] [run_pull] Reading from stream was aborted!
[2026-04-20 11:44:07.471] [28352] [HailoRT] [info] [edge_elements.cpp:396] [run_pull] Reading from stream was aborted!
[2026-04-20 11:44:07.471] [28348] [HailoRT] [info] [queue_elements.cpp:738] [run_in_thread] run_pull of queue element PullQEl_nms3yolov11n/conv51_143 was aborted!
[2026-04-20 11:44:07.471] [28350] [HailoRT] [info] [vdevice_native_stream.cpp:331] [read_impl] Failed read from stream HAILO_STREAM_ABORT(63) (device: 0001:01:00.0)
[2026-04-20 11:44:07.471] [28350] [HailoRT] [info] [edge_elements.cpp:396] [run_pull] Reading from stream was aborted!
[2026-04-20 11:44:07.471] [28352] [HailoRT] [info] [queue_elements.cpp:738] [run_in_thread] run_pull of queue element PullQEl_nms3yolov11n/conv77_143 was aborted!
[2026-04-20 11:44:07.471] [28349] [HailoRT] [info] [queue_elements.cpp:738] [run_in_thread] run_pull of queue element PullQEl_nms2yolov11n/conv54_143 was aborted!
[2026-04-20 11:44:07.471] [28350] [HailoRT] [info] [queue_elements.cpp:738] [run_in_thread] run_pull of queue element PullQEl_nms0yolov11n/conv62_143 was aborted!
[2026-04-20 11:44:07.471] [28354] [HailoRT] [info] [queue_elements.cpp:68] [operator()] Thread in element UserBufQEl_post_infer0yolov11n/yolov8_nms_postprocess is not running anymore, exiting..
[2026-04-20 11:44:07.471] [22443] [HailoRT] [info] [queue_elements.cpp:46] [~BaseQueueElement] Queue element UserBufQEl_post_infer0yolov11n/yolov8_nms_postprocess has 0 frames in his Queue on destruction
[2026-04-20 11:44:07.471] [28353] [HailoRT] [info] [queue_elements.cpp:68] [operator()] Thread in element PullQEl_nms2yolov11n/conv80_143 is not running anymore, exiting..
[2026-04-20 11:44:07.471] [22443] [HailoRT] [info] [queue_elements.cpp:46] [~BaseQueueElement] Queue element PullQEl_nms2yolov11n/conv80_143 has 0 frames in his Queue on destruction
[2026-04-20 11:44:07.471] [28352] [HailoRT] [info] [queue_elements.cpp:68] [operator()] Thread in element PullQEl_nms3yolov11n/conv77_143 is not running anymore, exiting..
[2026-04-20 11:44:07.471] [22443] [HailoRT] [info] [queue_elements.cpp:46] [~BaseQueueElement] Queue element PullQEl_nms3yolov11n/conv77_143 has 0 frames in his Queue on destruction
[2026-04-20 11:44:07.471] [28351] [HailoRT] [info] [queue_elements.cpp:68] [operator()] Thread in element PullQEl_nms0yolov11n/conv65_143 is not running anymore, exiting..
[2026-04-20 11:44:07.471] [22443] [HailoRT] [info] [queue_elements.cpp:46] [~BaseQueueElement] Queue element PullQEl_nms0yolov11n/conv65_143 has 0 frames in his Queue on destruction
[2026-04-20 11:44:07.471] [28350] [HailoRT] [info] [queue_elements.cpp:68] [operator()] Thread in element PullQEl_nms0yolov11n/conv62_143 is not running anymore, exiting..
[2026-04-20 11:44:07.471] [22443] [HailoRT] [info] [queue_elements.cpp:46] [~BaseQueueElement] Queue element PullQEl_nms0yolov11n/conv62_143 has 0 frames in his Queue on destruction
[2026-04-20 11:44:07.471] [28349] [HailoRT] [info] [queue_elements.cpp:68] [operator()] Thread in element PullQEl_nms2yolov11n/conv54_143 is not running anymore, exiting..
[2026-04-20 11:44:07.471] [22443] [HailoRT] [info] [queue_elements.cpp:46] [~BaseQueueElement] Queue element PullQEl_nms2yolov11n/conv54_143 has 0 frames in his Queue on destruction
[2026-04-20 11:44:07.471] [28348] [HailoRT] [info] [queue_elements.cpp:68] [operator()] Thread in element PullQEl_nms3yolov11n/conv51_143 is not running anymore, exiting..
[2026-04-20 11:44:07.471] [22443] [HailoRT] [info] [queue_elements.cpp:46] [~BaseQueueElement] Queue element PullQEl_nms3yolov11n/conv51_143 has 0 frames in his Queue on destruction
[2026-04-20 11:44:07.472] [28347] [HailoRT] [info] [queue_elements.cpp:68] [operator()] Thread in element PushQEl8yolov11n/input_layer1 is not running anymore, exiting..
[2026-04-20 11:44:07.472] [22443] [HailoRT] [info] [queue_elements.cpp:46] [~BaseQueueElement] Queue element PushQEl8yolov11n/input_layer1 has 0 frames in his Queue on destruction
[2026-04-20 11:44:07.472] [22443] [HailoRT] [info] [core_op.cpp:186] [deactivate] Deactivating took 0.507221 ms
[2026-04-20 11:44:07.472] [22443] [HailoRT] [info] [core_op.cpp:186] [deactivate] Deactivating took 0.51611 ms
[2026-04-20 11:44:07.516] [22443] [HailoRT] [info] [core_op.cpp:156] [activate] Activating yolov11n took 0.603444 milliseconds. Note that the function is asynchronous and thus the network is not fully activated yet.
[2026-04-20 11:44:07.516] [22443] [HailoRT] [info] [core_op.cpp:156] [activate] Activating yolov11n took 0.629776 milliseconds. Note that the function is asynchronous and thus the network is not fully activated yet.
[2026-04-20 11:44:07.516] [22443] [HailoRT] [info] [edge_elements.cpp:52] [create] Created (HwWriteEl8yolov11n/input_layer1 | hw_frame_size: 1228800)
[2026-04-20 11:44:07.516] [22443] [HailoRT] [info] [queue_elements.cpp:284] [create] Created (PushQEl8yolov11n/input_layer1 | timeout: 10s)
[2026-04-20 11:44:07.516] [22443] [HailoRT] [info] [filter_elements.cpp:101] [create] Created (PreInferEl8yolov11n/input_layer1 | Reorder - src_order: NHWC, src_shape: (640, 640, 3), dst_order: NHCW, dst_shape: (640, 640, 3))
[2026-04-20 11:44:07.516] [22443] [HailoRT] [info] [vstream.cpp:754] [InputVStreamImpl] Creating yolov11n/input_layer1...
[2026-04-20 11:44:07.516] [22443] [HailoRT] [info] [vstream_builder.cpp:102] [create_inputs] Input pipeline 'yolov11n/input_layer1': (PreInferEl8yolov11n/input_layer1 | Reorder - src_order: NHWC, src_shape: (640, 640, 3), dst_order: NHCW, dst_shape: (640, 640, 3)) >> (PushQEl8yolov11n/input_layer1 | timeout: 10s) >> (HwWriteEl8yolov11n/input_layer1 | hw_frame_size: 1228800) >> HW
[2026-04-20 11:44:07.516] [22443] [HailoRT] [info] [multi_io_elements.cpp:135] [create] Created (NmsPPMuxEl0YOLOV8-Post-Process | Op YOLOV8, Name: YOLOV8-Post-Process, Score threshold: 0.200, IoU threshold: 0.70, Classes: 1, Max bboxes per class: 100, Image height: 640, Image width: 640)
[2026-04-20 11:44:07.516] [22443] [HailoRT] [info] [edge_elements.cpp:287] [create] Created (HwReadEl3yolov11n/conv51_143 | hw_frame_size: 409600)
[2026-04-20 11:44:07.516] [22443] [HailoRT] [info] [queue_elements.cpp:657] [create] Created (PullQEl_nms3yolov11n/conv51_143 | timeout: 10s)
[2026-04-20 11:44:07.516] [22443] [HailoRT] [info] [edge_elements.cpp:287] [create] Created (HwReadEl2yolov11n/conv54_143 | hw_frame_size: 6400)
[2026-04-20 11:44:07.516] [22443] [HailoRT] [info] [queue_elements.cpp:657] [create] Created (PullQEl_nms2yolov11n/conv54_143 | timeout: 10s)
[2026-04-20 11:44:07.516] [22443] [HailoRT] [info] [edge_elements.cpp:287] [create] Created (HwReadEl0yolov11n/conv62_143 | hw_frame_size: 102400)
[2026-04-20 11:44:07.516] [22443] [HailoRT] [info] [queue_elements.cpp:657] [create] Created (PullQEl_nms0yolov11n/conv62_143 | timeout: 10s)
[2026-04-20 11:44:07.516] [22443] [HailoRT] [info] [edge_elements.cpp:287] [create] Created (HwReadEl0yolov11n/conv65_143 | hw_frame_size: 1600)
[2026-04-20 11:44:07.516] [22443] [HailoRT] [info] [queue_elements.cpp:657] [create] Created (PullQEl_nms0yolov11n/conv65_143 | timeout: 10s)
[2026-04-20 11:44:07.516] [22443] [HailoRT] [info] [edge_elements.cpp:287] [create] Created (HwReadEl3yolov11n/conv77_143 | hw_frame_size: 30720)
[2026-04-20 11:44:07.516] [22443] [HailoRT] [info] [queue_elements.cpp:657] [create] Created (PullQEl_nms3yolov11n/conv77_143 | timeout: 10s)
[2026-04-20 11:44:07.516] [22443] [HailoRT] [info] [edge_elements.cpp:287] [create] Created (HwReadEl2yolov11n/conv80_143 | hw_frame_size: 480)
[2026-04-20 11:44:07.516] [22443] [HailoRT] [info] [queue_elements.cpp:657] [create] Created (PullQEl_nms2yolov11n/conv80_143 | timeout: 10s)
[2026-04-20 11:44:07.516] [22443] [HailoRT] [info] [queue_elements.cpp:800] [create] Created (UserBufQEl_post_infer0yolov11n/yolov8_nms_postprocess | timeout: 10s)
[2026-04-20 11:44:07.516] [22443] [HailoRT] [info] [vstream.cpp:1114] [OutputVStreamImpl] Creating yolov11n/yolov8_nms_postprocess...
[2026-04-20 11:44:07.516] [22443] [HailoRT] [info] [vstream_builder.cpp:622] [create_output_post_process_nms] Output pipeline 'yolov11n/yolov8_nms_postprocess': HW >> (HwReadEl3yolov11n/conv51_143 | hw_frame_size: 409600) >> (PullQEl_nms3yolov11n/conv51_143) >> (HwReadEl2yolov11n/conv54_143 | hw_frame_size: 6400) >> (PullQEl_nms2yolov11n/conv54_143) >> (HwReadEl0yolov11n/conv62_143 | hw_frame_size: 102400) >> (PullQEl_nms0yolov11n/conv62_143) >> (HwReadEl0yolov11n/conv65_143 | hw_frame_size: 1600) >> (PullQEl_nms0yolov11n/conv65_143) >> (HwReadEl3yolov11n/conv77_143 | hw_frame_size: 30720) >> (PullQEl_nms3yolov11n/conv77_143) >> (HwReadEl2yolov11n/conv80_143 | hw_frame_size: 480) >> (PullQEl_nms2yolov11n/conv80_143) >> (NmsPPMuxEl0YOLOV8-Post-Process | Op YOLOV8, Name: YOLOV8-Post-Process, Score threshold: 0.200, IoU threshold: 0.70, Classes: 1, Max bboxes per class: 100, Image height: 640, Image width: 640) >> (UserBufQEl_post_infer0yolov11n/yolov8_nms_postprocess | timeout: 10s)
[2026-04-20 11:44:07.526] [28358] [HailoRT] [info] [vdevice_native_stream.cpp:331] [read_impl] Failed read from stream HAILO_STREAM_ABORT(63) (device: 0001:01:00.0)
[2026-04-20 11:44:07.526] [28363] [HailoRT] [info] [vdevice_native_stream.cpp:331] [read_impl] Failed read from stream HAILO_STREAM_ABORT(63) (device: 0001:01:00.0)
[2026-04-20 11:44:07.526] [28359] [HailoRT] [info] [vdevice_native_stream.cpp:331] [read_impl] Failed read from stream HAILO_STREAM_ABORT(63) (device: 0001:01:00.0)
[2026-04-20 11:44:07.526] [28363] [HailoRT] [info] [edge_elements.cpp:396] [run_pull] Reading from stream was aborted!
[2026-04-20 11:44:07.526] [28362] [HailoRT] [info] [vdevice_native_stream.cpp:331] [read_impl] Failed read from stream HAILO_STREAM_ABORT(63) (device: 0001:01:00.0)
[2026-04-20 11:44:07.526] [28363] [HailoRT] [info] [queue_elements.cpp:738] [run_in_thread] run_pull of queue element PullQEl_nms2yolov11n/conv80_143 was aborted!
[2026-04-20 11:44:07.526] [28358] [HailoRT] [info] [edge_elements.cpp:396] [run_pull] Reading from stream was aborted!
[2026-04-20 11:44:07.526] [28359] [HailoRT] [info] [edge_elements.cpp:396] [run_pull] Reading from stream was aborted!
[2026-04-20 11:44:07.526] [28358] [HailoRT] [info] [queue_elements.cpp:738] [run_in_thread] run_pull of queue element PullQEl_nms3yolov11n/conv51_143 was aborted!
[2026-04-20 11:44:07.526] [28359] [HailoRT] [info] [queue_elements.cpp:738] [run_in_thread] run_pull of queue element PullQEl_nms2yolov11n/conv54_143 was aborted!
[2026-04-20 11:44:07.526] [28362] [HailoRT] [info] [edge_elements.cpp:396] [run_pull] Reading from stream was aborted!
[2026-04-20 11:44:07.526] [28361] [HailoRT] [info] [vdevice_native_stream.cpp:331] [read_impl] Failed read from stream HAILO_STREAM_ABORT(63) (device: 0001:01:00.0)
[2026-04-20 11:44:07.526] [28362] [HailoRT] [info] [queue_elements.cpp:738] [run_in_thread] run_pull of queue element PullQEl_nms3yolov11n/conv77_143 was aborted!
[2026-04-20 11:44:07.526] [28361] [HailoRT] [info] [edge_elements.cpp:396] [run_pull] Reading from stream was aborted!
[2026-04-20 11:44:07.526] [28360] [HailoRT] [info] [vdevice_native_stream.cpp:331] [read_impl] Failed read from stream HAILO_STREAM_ABORT(63) (device: 0001:01:00.0)
[2026-04-20 11:44:07.526] [28360] [HailoRT] [info] [edge_elements.cpp:396] [run_pull] Reading from stream was aborted!
[2026-04-20 11:44:07.526] [28361] [HailoRT] [info] [queue_elements.cpp:738] [run_in_thread] run_pull of queue element PullQEl_nms0yolov11n/conv65_143 was aborted!
[2026-04-20 11:44:07.526] [28360] [HailoRT] [info] [queue_elements.cpp:738] [run_in_thread] run_pull of queue element PullQEl_nms0yolov11n/conv62_143 was aborted!
[2026-04-20 11:44:07.526] [28364] [HailoRT] [info] [queue_elements.cpp:68] [operator()] Thread in element UserBufQEl_post_infer0yolov11n/yolov8_nms_postprocess is not running anymore, exiting..
[2026-04-20 11:44:07.526] [22443] [HailoRT] [info] [queue_elements.cpp:46] [~BaseQueueElement] Queue element UserBufQEl_post_infer0yolov11n/yolov8_nms_postprocess has 0 frames in his Queue on destruction
[2026-04-20 11:44:07.526] [28363] [HailoRT] [info] [queue_elements.cpp:68] [operator()] Thread in element PullQEl_nms2yolov11n/conv80_143 is not running anymore, exiting..
[2026-04-20 11:44:07.526] [22443] [HailoRT] [info] [queue_elements.cpp:46] [~BaseQueueElement] Queue element PullQEl_nms2yolov11n/conv80_143 has 0 frames in his Queue on destruction
[2026-04-20 11:44:07.526] [28362] [HailoRT] [info] [queue_elements.cpp:68] [operator()] Thread in element PullQEl_nms3yolov11n/conv77_143 is not running anymore, exiting..
[2026-04-20 11:44:07.526] [22443] [HailoRT] [info] [queue_elements.cpp:46] [~BaseQueueElement] Queue element PullQEl_nms3yolov11n/conv77_143 has 0 frames in his Queue on destruction
[2026-04-20 11:44:07.526] [28361] [HailoRT] [info] [queue_elements.cpp:68] [operator()] Thread in element PullQEl_nms0yolov11n/conv65_143 is not running anymore, exiting..
[2026-04-20 11:44:07.526] [22443] [HailoRT] [info] [queue_elements.cpp:46] [~BaseQueueElement] Queue element PullQEl_nms0yolov11n/conv65_143 has 0 frames in his Queue on destruction
[2026-04-20 11:44:07.526] [28360] [HailoRT] [info] [queue_elements.cpp:68] [operator()] Thread in element PullQEl_nms0yolov11n/conv62_143 is not running anymore, exiting..
[2026-04-20 11:44:07.526] [22443] [HailoRT] [info] [queue_elements.cpp:46] [~BaseQueueElement] Queue element PullQEl_nms0yolov11n/conv62_143 has 0 frames in his Queue on destruction
[2026-04-20 11:44:07.526] [28359] [HailoRT] [info] [queue_elements.cpp:68] [operator()] Thread in element PullQEl_nms2yolov11n/conv54_143 is not running anymore, exiting..
[2026-04-20 11:44:07.526] [22443] [HailoRT] [info] [queue_elements.cpp:46] [~BaseQueueElement] Queue element PullQEl_nms2yolov11n/conv54_143 has 0 frames in his Queue on destruction
[2026-04-20 11:44:07.526] [28358] [HailoRT] [info] [queue_elements.cpp:68] [operator()] Thread in element PullQEl_nms3yolov11n/conv51_143 is not running anymore, exiting..
[2026-04-20 11:44:07.526] [22443] [HailoRT] [info] [queue_elements.cpp:46] [~BaseQueueElement] Queue element PullQEl_nms3yolov11n/conv51_143 has 0 frames in his Queue on destruction
[2026-04-20 11:44:07.526] [28357] [HailoRT] [info] [queue_elements.cpp:68] [operator()] Thread in element PushQEl8yolov11n/input_layer1 is not running anymore, exiting..
[2026-04-20 11:44:07.526] [22443] [HailoRT] [info] [queue_elements.cpp:46] [~BaseQueueElement] Queue element PushQEl8yolov11n/input_layer1 has 0 frames in his Queue on destruction
[2026-04-20 11:44:07.527] [22443] [HailoRT] [info] [core_op.cpp:186] [deactivate] Deactivating took 0.507777 ms
[2026-04-20 11:44:07.527] [22443] [HailoRT] [info] [core_op.cpp:186] [deactivate] Deactivating took 0.516647 ms
[2026-04-20 11:44:07.911] [22443] [HailoRT] [info] [core_op.cpp:156] [activate] Activating yolov11n took 0.616054 milliseconds. Note that the function is asynchronous and thus the network is not fully activated yet.
[2026-04-20 11:44:07.911] [22443] [HailoRT] [info] [core_op.cpp:156] [activate] Activating yolov11n took 0.641647 milliseconds. Note that the function is asynchronous and thus the network is not fully activated yet.
[2026-04-20 11:44:07.912] [22443] [HailoRT] [info] [edge_elements.cpp:52] [create] Created (HwWriteEl8yolov11n/input_layer1 | hw_frame_size: 1228800)
[2026-04-20 11:44:07.912] [22443] [HailoRT] [info] [queue_elements.cpp:284] [create] Created (PushQEl8yolov11n/input_layer1 | timeout: 10s)
[2026-04-20 11:44:07.912] [22443] [HailoRT] [info] [filter_elements.cpp:101] [create] Created (PreInferEl8yolov11n/input_layer1 | Reorder - src_order: NHWC, src_shape: (640, 640, 3), dst_order: NHCW, dst_shape: (640, 640, 3))
[2026-04-20 11:44:07.912] [22443] [HailoRT] [info] [vstream.cpp:754] [InputVStreamImpl] Creating yolov11n/input_layer1...
[2026-04-20 11:44:07.912] [22443] [HailoRT] [info] [vstream_builder.cpp:102] [create_inputs] Input pipeline 'yolov11n/input_layer1': (PreInferEl8yolov11n/input_layer1 | Reorder - src_order: NHWC, src_shape: (640, 640, 3), dst_order: NHCW, dst_shape: (640, 640, 3)) >> (PushQEl8yolov11n/input_layer1 | timeout: 10s) >> (HwWriteEl8yolov11n/input_layer1 | hw_frame_size: 1228800) >> HW
[2026-04-20 11:44:07.912] [22443] [HailoRT] [info] [multi_io_elements.cpp:135] [create] Created (NmsPPMuxEl0YOLOV8-Post-Process | Op YOLOV8, Name: YOLOV8-Post-Process, Score threshold: 0.200, IoU threshold: 0.70, Classes: 1, Max bboxes per class: 100, Image height: 640, Image width: 640)
[2026-04-20 11:44:07.912] [22443] [HailoRT] [info] [edge_elements.cpp:287] [create] Created (HwReadEl3yolov11n/conv51_143 | hw_frame_size: 409600)
[2026-04-20 11:44:07.912] [22443] [HailoRT] [info] [queue_elements.cpp:657] [create] Created (PullQEl_nms3yolov11n/conv51_143 | timeout: 10s)
[2026-04-20 11:44:07.912] [22443] [HailoRT] [info] [edge_elements.cpp:287] [create] Created (HwReadEl2yolov11n/conv54_143 | hw_frame_size: 6400)
[2026-04-20 11:44:07.912] [22443] [HailoRT] [info] [queue_elements.cpp:657] [create] Created (PullQEl_nms2yolov11n/conv54_143 | timeout: 10s)
[2026-04-20 11:44:07.912] [22443] [HailoRT] [info] [edge_elements.cpp:287] [create] Created (HwReadEl0yolov11n/conv62_143 | hw_frame_size: 102400)
[2026-04-20 11:44:07.912] [22443] [HailoRT] [info] [queue_elements.cpp:657] [create] Created (PullQEl_nms0yolov11n/conv62_143 | timeout: 10s)
[2026-04-20 11:44:07.912] [22443] [HailoRT] [info] [edge_elements.cpp:287] [create] Created (HwReadEl0yolov11n/conv65_143 | hw_frame_size: 1600)
[2026-04-20 11:44:07.912] [22443] [HailoRT] [info] [queue_elements.cpp:657] [create] Created (PullQEl_nms0yolov11n/conv65_143 | timeout: 10s)
[2026-04-20 11:44:07.912] [22443] [HailoRT] [info] [edge_elements.cpp:287] [create] Created (HwReadEl3yolov11n/conv77_143 | hw_frame_size: 30720)
[2026-04-20 11:44:07.912] [22443] [HailoRT] [info] [queue_elements.cpp:657] [create] Created (PullQEl_nms3yolov11n/conv77_143 | timeout: 10s)
[2026-04-20 11:44:07.912] [22443] [HailoRT] [info] [edge_elements.cpp:287] [create] Created (HwReadEl2yolov11n/conv80_143 | hw_frame_size: 480)
[2026-04-20 11:44:07.912] [22443] [HailoRT] [info] [queue_elements.cpp:657] [create] Created (PullQEl_nms2yolov11n/conv80_143 | timeout: 10s)
[2026-04-20 11:44:07.912] [22443] [HailoRT] [info] [queue_elements.cpp:800] [create] Created (UserBufQEl_post_infer0yolov11n/yolov8_nms_postprocess | timeout: 10s)
[2026-04-20 11:44:07.912] [22443] [HailoRT] [info] [vstream.cpp:1114] [OutputVStreamImpl] Creating yolov11n/yolov8_nms_postprocess...
[2026-04-20 11:44:07.912] [22443] [HailoRT] [info] [vstream_builder.cpp:622] [create_output_post_process_nms] Output pipeline 'yolov11n/yolov8_nms_postprocess': HW >> (HwReadEl3yolov11n/conv51_143 | hw_frame_size: 409600) >> (PullQEl_nms3yolov11n/conv51_143) >> (HwReadEl2yolov11n/conv54_143 | hw_frame_size: 6400) >> (PullQEl_nms2yolov11n/conv54_143) >> (HwReadEl0yolov11n/conv62_143 | hw_frame_size: 102400) >> (PullQEl_nms0yolov11n/conv62_143) >> (HwReadEl0yolov11n/conv65_143 | hw_frame_size: 1600) >> (PullQEl_nms0yolov11n/conv65_143) >> (HwReadEl3yolov11n/conv77_143 | hw_frame_size: 30720) >> (PullQEl_nms3yolov11n/conv77_143) >> (HwReadEl2yolov11n/conv80_143 | hw_frame_size: 480) >> (PullQEl_nms2yolov11n/conv80_143) >> (NmsPPMuxEl0YOLOV8-Post-Process | Op YOLOV8, Name: YOLOV8-Post-Process, Score threshold: 0.200, IoU threshold: 0.70, Classes: 1, Max bboxes per class: 100, Image height: 640, Image width: 640) >> (UserBufQEl_post_infer0yolov11n/yolov8_nms_postprocess | timeout: 10s)
[2026-04-20 11:44:07.922] [28368] [HailoRT] [info] [vdevice_native_stream.cpp:331] [read_impl] Failed read from stream HAILO_STREAM_ABORT(63) (device: 0001:01:00.0)
[2026-04-20 11:44:07.922] [28370] [HailoRT] [info] [vdevice_native_stream.cpp:331] [read_impl] Failed read from stream HAILO_STREAM_ABORT(63) (device: 0001:01:00.0)
[2026-04-20 11:44:07.922] [28369] [HailoRT] [info] [vdevice_native_stream.cpp:331] [read_impl] Failed read from stream HAILO_STREAM_ABORT(63) (device: 0001:01:00.0)
[2026-04-20 11:44:07.922] [28372] [HailoRT] [info] [vdevice_native_stream.cpp:331] [read_impl] Failed read from stream HAILO_STREAM_ABORT(63) (device: 0001:01:00.0)
[2026-04-20 11:44:07.922] [28369] [HailoRT] [info] [edge_elements.cpp:396] [run_pull] Reading from stream was aborted!
[2026-04-20 11:44:07.922] [28371] [HailoRT] [info] [vdevice_native_stream.cpp:331] [read_impl] Failed read from stream HAILO_STREAM_ABORT(63) (device: 0001:01:00.0)
[2026-04-20 11:44:07.922] [28368] [HailoRT] [info] [edge_elements.cpp:396] [run_pull] Reading from stream was aborted!
[2026-04-20 11:44:07.922] [28371] [HailoRT] [info] [edge_elements.cpp:396] [run_pull] Reading from stream was aborted!
[2026-04-20 11:44:07.922] [28372] [HailoRT] [info] [edge_elements.cpp:396] [run_pull] Reading from stream was aborted!
[2026-04-20 11:44:07.922] [28370] [HailoRT] [info] [edge_elements.cpp:396] [run_pull] Reading from stream was aborted!
[2026-04-20 11:44:07.922] [28373] [HailoRT] [info] [vdevice_native_stream.cpp:331] [read_impl] Failed read from stream HAILO_STREAM_ABORT(63) (device: 0001:01:00.0)
[2026-04-20 11:44:07.922] [28373] [HailoRT] [info] [edge_elements.cpp:396] [run_pull] Reading from stream was aborted!
[2026-04-20 11:44:07.922] [28371] [HailoRT] [info] [queue_elements.cpp:738] [run_in_thread] run_pull of queue element PullQEl_nms0yolov11n/conv65_143 was aborted!
[2026-04-20 11:44:07.922] [28373] [HailoRT] [info] [queue_elements.cpp:738] [run_in_thread] run_pull of queue element PullQEl_nms2yolov11n/conv80_143 was aborted!
[2026-04-20 11:44:07.922] [28372] [HailoRT] [info] [queue_elements.cpp:738] [run_in_thread] run_pull of queue element PullQEl_nms3yolov11n/conv77_143 was aborted!
[2026-04-20 11:44:07.922] [28370] [HailoRT] [info] [queue_elements.cpp:738] [run_in_thread] run_pull of queue element PullQEl_nms0yolov11n/conv62_143 was aborted!
[2026-04-20 11:44:07.922] [28368] [HailoRT] [info] [queue_elements.cpp:738] [run_in_thread] run_pull of queue element PullQEl_nms3yolov11n/conv51_143 was aborted!
[2026-04-20 11:44:07.922] [28369] [HailoRT] [info] [queue_elements.cpp:738] [run_in_thread] run_pull of queue element PullQEl_nms2yolov11n/conv54_143 was aborted!
[2026-04-20 11:44:07.922] [28374] [HailoRT] [info] [queue_elements.cpp:68] [operator()] Thread in element UserBufQEl_post_infer0yolov11n/yolov8_nms_postprocess is not running anymore, exiting..
[2026-04-20 11:44:07.922] [22443] [HailoRT] [info] [queue_elements.cpp:46] [~BaseQueueElement] Queue element UserBufQEl_post_infer0yolov11n/yolov8_nms_postprocess has 0 frames in his Queue on destruction
[2026-04-20 11:44:07.922] [28373] [HailoRT] [info] [queue_elements.cpp:68] [operator()] Thread in element PullQEl_nms2yolov11n/conv80_143 is not running anymore, exiting..
[2026-04-20 11:44:07.922] [22443] [HailoRT] [info] [queue_elements.cpp:46] [~BaseQueueElement] Queue element PullQEl_nms2yolov11n/conv80_143 has 0 frames in his Queue on destruction
[2026-04-20 11:44:07.922] [28372] [HailoRT] [info] [queue_elements.cpp:68] [operator()] Thread in element PullQEl_nms3yolov11n/conv77_143 is not running anymore, exiting..
[2026-04-20 11:44:07.922] [22443] [HailoRT] [info] [queue_elements.cpp:46] [~BaseQueueElement] Queue element PullQEl_nms3yolov11n/conv77_143 has 0 frames in his Queue on destruction
[2026-04-20 11:44:07.922] [28371] [HailoRT] [info] [queue_elements.cpp:68] [operator()] Thread in element PullQEl_nms0yolov11n/conv65_143 is not running anymore, exiting..
[2026-04-20 11:44:07.922] [22443] [HailoRT] [info] [queue_elements.cpp:46] [~BaseQueueElement] Queue element PullQEl_nms0yolov11n/conv65_143 has 0 frames in his Queue on destruction
[2026-04-20 11:44:07.922] [28370] [HailoRT] [info] [queue_elements.cpp:68] [operator()] Thread in element PullQEl_nms0yolov11n/conv62_143 is not running anymore, exiting..
[2026-04-20 11:44:07.922] [22443] [HailoRT] [info] [queue_elements.cpp:46] [~BaseQueueElement] Queue element PullQEl_nms0yolov11n/conv62_143 has 0 frames in his Queue on destruction
[2026-04-20 11:44:07.922] [28369] [HailoRT] [info] [queue_elements.cpp:68] [operator()] Thread in element PullQEl_nms2yolov11n/conv54_143 is not running anymore, exiting..
[2026-04-20 11:44:07.922] [22443] [HailoRT] [info] [queue_elements.cpp:46] [~BaseQueueElement] Queue element PullQEl_nms2yolov11n/conv54_143 has 0 frames in his Queue on destruction
[2026-04-20 11:44:07.922] [28368] [HailoRT] [info] [queue_elements.cpp:68] [operator()] Thread in element PullQEl_nms3yolov11n/conv51_143 is not running anymore, exiting..
[2026-04-20 11:44:07.922] [22443] [HailoRT] [info] [queue_elements.cpp:46] [~BaseQueueElement] Queue element PullQEl_nms3yolov11n/conv51_143 has 0 frames in his Queue on destruction
[2026-04-20 11:44:07.922] [28367] [HailoRT] [info] [queue_elements.cpp:68] [operator()] Thread in element PushQEl8yolov11n/input_layer1 is not running anymore, exiting..
[2026-04-20 11:44:07.922] [22443] [HailoRT] [info] [queue_elements.cpp:46] [~BaseQueueElement] Queue element PushQEl8yolov11n/input_layer1 has 0 frames in his Queue on destruction
[2026-04-20 11:44:07.923] [22443] [HailoRT] [info] [core_op.cpp:186] [deactivate] Deactivating took 0.485591 ms
[2026-04-20 11:44:07.923] [22443] [HailoRT] [info] [core_op.cpp:186] [deactivate] Deactivating took 0.494888 ms
